<?xml version="1.0" encoding="UTF-8"?>
<Site BuildName="(empty)"
	BuildStamp="20240412-0554-Experimental"
	Name="PC"
	Generator="ctest-3.22.1"
	CompilerName="/usr/bin/g++"
	CompilerVersion="11.4.0"
	OSName="Linux"
	Hostname="PC"
	OSRelease="6.5.0-27-generic"
	OSVersion="#28~22.04.1-Ubuntu SMP PREEMPT_DYNAMIC Fri Mar 15 10:51:06 UTC 2"
	OSPlatform="x86_64"
	Is64Bits="1"
	VendorString="GenuineIntel"
	VendorID="Intel Corporation"
	FamilyID="6"
	ModelID="140"
	ProcessorCacheSize="8192"
	NumberOfLogicalCPU="8"
	NumberOfPhysicalCPU="4"
	TotalVirtualMemory="4281"
	TotalPhysicalMemory="11676"
	LogicalProcessorsPerPhysical="2"
	ProcessorClockFrequency="1801.52"
	>
	<Testing>
		<StartDateTime>Apr 12 11:24 IST</StartDateTime>
		<StartTestTime>1712901255</StartTestTime>
		<TestList/>
		<EndDateTime>Apr 12 11:24 IST</EndDateTime>
		<EndTestTime>1712901255</EndTestTime>
		<ElapsedMinutes>0</ElapsedMinutes>
	</Testing>
</Site>
