<?xml version="1.0" encoding="UTF-8"?>
<Site BuildName="(empty)"
	BuildStamp="20240317-1026-Experimental"
	Name="PC"
	Generator="ctest-3.22.1"
	CompilerName="/usr/bin/g++"
	CompilerVersion="11.4.0"
	OSName="Linux"
	Hostname="PC"
	OSRelease="6.5.0-25-generic"
	OSVersion="#25~22.04.1-Ubuntu SMP PREEMPT_DYNAMIC Tue Feb 20 16:09:15 UTC 2"
	OSPlatform="x86_64"
	Is64Bits="1"
	VendorString="GenuineIntel"
	VendorID="Intel Corporation"
	FamilyID="6"
	ModelID="140"
	ProcessorCacheSize="8192"
	NumberOfLogicalCPU="8"
	NumberOfPhysicalCPU="4"
	TotalVirtualMemory="4281"
	TotalPhysicalMemory="11676"
	LogicalProcessorsPerPhysical="2"
	ProcessorClockFrequency="3713.52"
	>
	<Testing>
		<StartDateTime>Mar 17 16:19 IST</StartDateTime>
		<StartTestTime>1710672565</StartTestTime>
		<TestList/>
		<EndDateTime>Mar 17 16:19 IST</EndDateTime>
		<EndTestTime>1710672565</EndTestTime>
		<ElapsedMinutes>0</ElapsedMinutes>
	</Testing>
</Site>
