<?xml version="1.0" encoding="UTF-8"?>
<Site BuildName="(empty)"
	BuildStamp="20240326-0311-Experimental"
	Name="PC"
	Generator="ctest-3.22.1"
	CompilerName="/usr/bin/g++"
	CompilerVersion="11.4.0"
	OSName="Linux"
	Hostname="PC"
	OSRelease="6.5.0-26-generic"
	OSVersion="#26~22.04.1-Ubuntu SMP PREEMPT_DYNAMIC Tue Mar 12 10:22:43 UTC 2"
	OSPlatform="x86_64"
	Is64Bits="1"
	VendorString="GenuineIntel"
	VendorID="Intel Corporation"
	FamilyID="6"
	ModelID="140"
	ProcessorCacheSize="8192"
	NumberOfLogicalCPU="8"
	NumberOfPhysicalCPU="4"
	TotalVirtualMemory="4281"
	TotalPhysicalMemory="11676"
	LogicalProcessorsPerPhysical="2"
	ProcessorClockFrequency="3287.1"
	>
	<Testing>
		<StartDateTime>Mar 26 11:42 IST</StartDateTime>
		<StartTestTime>1711433557</StartTestTime>
		<TestList/>
		<EndDateTime>Mar 26 11:42 IST</EndDateTime>
		<EndTestTime>1711433557</EndTestTime>
		<ElapsedMinutes>0</ElapsedMinutes>
	</Testing>
</Site>
